  Forma-1-Contenedor.cpp
C:\Users\Xarthy\source\repos\XarthDaichi\Programacion-1\Forma-1-Contenedor\Forma-1-Contenedor\Forma-1-Contenedor.cpp(9,31): error C2572: 'Persona::Persona': redefinition of default argument: parameter 1
C:\Users\Xarthy\source\repos\XarthDaichi\Programacion-1\Forma-1-Contenedor\Forma-1-Contenedor\Persona.h(13): message : see declaration of 'Persona::Persona'
C:\Users\Xarthy\source\repos\XarthDaichi\Programacion-1\Forma-1-Contenedor\Forma-1-Contenedor\Forma-1-Contenedor.cpp(9,58): error C2572: 'Persona::Persona': redefinition of default argument: parameter 2
C:\Users\Xarthy\source\repos\XarthDaichi\Programacion-1\Forma-1-Contenedor\Forma-1-Contenedor\Persona.h(13): message : see declaration of 'Persona::Persona'
C:\Users\Xarthy\source\repos\XarthDaichi\Programacion-1\Forma-1-Contenedor\Forma-1-Contenedor\Forma-1-Contenedor.cpp(9,81): error C2572: 'Persona::Persona': redefinition of default argument: parameter 3
C:\Users\Xarthy\source\repos\XarthDaichi\Programacion-1\Forma-1-Contenedor\Forma-1-Contenedor\Persona.h(13): message : see declaration of 'Persona::Persona'
  Forma-2-Contenedor.cpp
C:\Users\Xarthy\source\repos\XarthDaichi\Programacion-1\Forma-1-Contenedor\Forma-1-Contenedor\Forma-2-Contenedor.cpp(6,31): error C2572: 'Persona::Persona': redefinition of default argument: parameter 1
C:\Users\Xarthy\source\repos\XarthDaichi\Programacion-1\Forma-1-Contenedor\Forma-1-Contenedor\Persona.h(13): message : see declaration of 'Persona::Persona'
C:\Users\Xarthy\source\repos\XarthDaichi\Programacion-1\Forma-1-Contenedor\Forma-1-Contenedor\Forma-2-Contenedor.cpp(6,58): error C2572: 'Persona::Persona': redefinition of default argument: parameter 2
C:\Users\Xarthy\source\repos\XarthDaichi\Programacion-1\Forma-1-Contenedor\Forma-1-Contenedor\Persona.h(13): message : see declaration of 'Persona::Persona'
C:\Users\Xarthy\source\repos\XarthDaichi\Programacion-1\Forma-1-Contenedor\Forma-1-Contenedor\Forma-2-Contenedor.cpp(6,81): error C2572: 'Persona::Persona': redefinition of default argument: parameter 3
C:\Users\Xarthy\source\repos\XarthDaichi\Programacion-1\Forma-1-Contenedor\Forma-1-Contenedor\Persona.h(13): message : see declaration of 'Persona::Persona'
  Forma-3-Contenedor.cpp
C:\Users\Xarthy\source\repos\XarthDaichi\Programacion-1\Forma-1-Contenedor\Forma-1-Contenedor\Forma-3-Contenedor.cpp(4,31): error C2572: 'Persona::Persona': redefinition of default argument: parameter 1
C:\Users\Xarthy\source\repos\XarthDaichi\Programacion-1\Forma-1-Contenedor\Forma-1-Contenedor\Persona.h(13): message : see declaration of 'Persona::Persona'
C:\Users\Xarthy\source\repos\XarthDaichi\Programacion-1\Forma-1-Contenedor\Forma-1-Contenedor\Forma-3-Contenedor.cpp(4,58): error C2572: 'Persona::Persona': redefinition of default argument: parameter 2
C:\Users\Xarthy\source\repos\XarthDaichi\Programacion-1\Forma-1-Contenedor\Forma-1-Contenedor\Persona.h(13): message : see declaration of 'Persona::Persona'
C:\Users\Xarthy\source\repos\XarthDaichi\Programacion-1\Forma-1-Contenedor\Forma-1-Contenedor\Forma-3-Contenedor.cpp(4,81): error C2572: 'Persona::Persona': redefinition of default argument: parameter 3
C:\Users\Xarthy\source\repos\XarthDaichi\Programacion-1\Forma-1-Contenedor\Forma-1-Contenedor\Persona.h(13): message : see declaration of 'Persona::Persona'
C:\Users\Xarthy\source\repos\XarthDaichi\Programacion-1\Forma-1-Contenedor\Forma-1-Contenedor\Forma-3-Contenedor.cpp(81,1): error C2440: 'initializing': cannot convert from 'Persona *' to 'Persona'
C:\Users\Xarthy\source\repos\XarthDaichi\Programacion-1\Forma-1-Contenedor\Forma-1-Contenedor\Forma-3-Contenedor.cpp(81,1): message : No constructor could take the source type, or constructor overload resolution was ambiguous
C:\Users\Xarthy\source\repos\XarthDaichi\Programacion-1\Forma-1-Contenedor\Forma-1-Contenedor\Forma-3-Contenedor.cpp(83,1): error C2440: '=': cannot convert from 'Persona' to 'Persona *'
C:\Users\Xarthy\source\repos\XarthDaichi\Programacion-1\Forma-1-Contenedor\Forma-1-Contenedor\Forma-3-Contenedor.cpp(83,16): message : No user-defined-conversion operator available that can perform this conversion, or the operator cannot be called
  Generating Code...
